<?xml version="1.0" encoding="UTF-8"?>
<!-- Generated by org.testng.reporters.JUnitReportReporter -->
<testsuite skipped="0" hostname="LAPTOP-OFIJ2E99" name="Walmart.TestCases.LoginPage" tests="2" failures="0" timestamp="2020-01-09T13:42:50 EST" time="29.198" errors="0">
  <testcase name="clickOnSignInBtn" time="15.660" classname="Walmart.TestCases.LoginPage"/>
  <testcase name="loginpageTitleTest" time="13.538" classname="Walmart.TestCases.LoginPage"/>
</testsuite> <!-- Walmart.TestCases.LoginPage -->
